[__main__]: [INFO]: => Creating model 'resnet12'
[__main__]: [INFO]: Number of model parameters: 12428807
[__main__]: [INFO]: Meta Val 0: 0.24172009527683258
[__main__]: [INFO]: Meta Val 1: 0.14556623995304108
[__main__]: [INFO]: Meta Val 2: 0.3904024362564087
[__main__]: [INFO]: Meta Val 3: 0.14948362112045288
[__main__]: [INFO]: Meta Val 4: 0.5576032996177673
[__main__]: [INFO]: Meta Val 5: 0.2402065545320511
[__main__]: [INFO]: Meta Val 6: 0.6028311848640442
[__main__]: [INFO]: Meta Val 7: 0.5965099930763245
[__main__]: [INFO]: Meta Val 8: 0.37357550859451294
[__main__]: [INFO]: Meta Val 9: 0.5427350401878357
[__main__]: [INFO]: Meta Val 10: 0.77857905626297
[__main__]: [INFO]: Meta Val 11: 0.5486111044883728
[__main__]: [INFO]: Meta Val 12: 0.4034900367259979
[__main__]: [INFO]: Meta Val 13: 0.5119302272796631
[__main__]: [INFO]: Meta Val 14: 0.5816417336463928
[__main__]: [INFO]: Meta Val 15: 0.8030626773834229
[__main__]: [INFO]: Meta Val 16: 0.5438034534454346
[__main__]: [INFO]: Meta Val 17: 0.9586894512176514
[__main__]: [INFO]: Meta Val 18: 0.8544337749481201
[__main__]: [INFO]: Meta Val 19: 0.8218482732772827
[__main__]: [INFO]: Meta Val 20: 0.41506412625312805
[__main__]: [INFO]: Meta Val 21: 0.7141203284263611
[__main__]: [INFO]: Meta Val 22: 0.17530271410942078
[__main__]: [INFO]: Meta Val 23: 0.9634971618652344
[__main__]: [INFO]: Meta Val 24: 0.9731125235557556
[__main__]: [INFO]: Meta Val 25: 0.9521011114120483
[__main__]: [INFO]: Meta Val 26: 0.9659010171890259
[__main__]: [INFO]: Meta Val 27: 0.9534366130828857
[__main__]: [INFO]: Meta Val 28: 0.9807692170143127
[__main__]: [INFO]: Meta Val 29: 0.9390135407447815
[__main__]: [INFO]: Meta Val 30: 0.9357194304466248
[__main__]: [INFO]: Meta Val 31: 0.9302884340286255
[__main__]: [INFO]: Meta Val 32: 0.8352030515670776
[__main__]: [INFO]: Meta Val 33: 0.9178240895271301
[__main__]: [INFO]: Meta Val 34: 0.9370548725128174
[__main__]: [INFO]: Meta Val 35: 0.9471153616905212
[__main__]: [INFO]: Meta Val 36: 0.96785968542099
[__main__]: [INFO]: Meta Val 37: 0.96785968542099
[__main__]: [INFO]: Meta Val 38: 0.9591346383094788
[__main__]: [INFO]: Meta Val 39: 0.9707087278366089
[__main__]: [INFO]: Meta Val 40: 0.9433761239051819
[__main__]: [INFO]: Meta Val 41: 0.9481837749481201
[__main__]: [INFO]: Meta Val 42: 0.9582443237304688
[__main__]: [INFO]: Meta Val 43: 0.9755163788795471
[__main__]: [INFO]: Meta Val 44: 0.9654558897018433
[__main__]: [INFO]: Meta Val 45: 0.9322471618652344
[__main__]: [INFO]: Meta Val 46: 0.9510327577590942
[__main__]: [INFO]: Meta Val 47: 0.9645655751228333
[__main__]: [INFO]: Meta Val 48: 0.9759615659713745
[__main__]: [INFO]: Meta Val 49: 0.93660968542099
[__main__]: [INFO]: Meta Val 50: 0.9505876302719116
[__main__]: [INFO]: Meta Val 51: 0.9442663788795471
[__main__]: [INFO]: Meta Val 52: 0.9615384340286255
[__main__]: [INFO]: Meta Val 53: 0.9610933065414429
[__main__]: [INFO]: Meta Val 54: 0.9759615659713745
[__main__]: [INFO]: Meta Val 55: 0.9731125235557556
[__main__]: [INFO]: Meta Val 56: 0.9457799196243286
[__main__]: [INFO]: Meta Val 57: 0.973557710647583
[__main__]: [INFO]: Meta Val 58: 0.9538818001747131
[__main__]: [INFO]: Meta Val 59: 0.9855769276618958
[__main__]: [INFO]: Meta Val 60: 0.9669694304466248
[__main__]: [INFO]: Meta Val 61: 0.9390135407447815
[__main__]: [INFO]: Meta Val 62: 0.9606481790542603
[__main__]: [INFO]: Meta Val 63: 0.9582443237304688
[__main__]: [INFO]: Meta Val 64: 0.9610933065414429
[__main__]: [INFO]: Meta Val 65: 0.96785968542099
[__main__]: [INFO]: Meta Val 66: 0.9538818001747131
[__main__]: [INFO]: Meta Val 67: 0.9831730723381042
[__main__]: [INFO]: Meta Val 68: 0.9261040091514587
[__main__]: [INFO]: Meta Val 69: 0.9577991962432861
[__main__]: [INFO]: Meta Val 70: 0.9567307829856873
[__main__]: [INFO]: Meta Val 71: 0.9654558897018433
[__main__]: [INFO]: Meta Val 72: 0.9659010171890259
[__main__]: [INFO]: Meta Val 73: 0.9538818001747131
[__main__]: [INFO]: Meta Val 74: 0.946225106716156
[__main__]: [INFO]: Meta Val 75: 0.96785968542099
[__main__]: [INFO]: Meta Val 76: 0.9490740895271301
[__main__]: [INFO]: Meta Val 77: 0.9217414855957031
[__main__]: [INFO]: Meta Val 78: 0.9707087278366089
[__main__]: [INFO]: Meta Val 79: 0.9707087278366089
[__main__]: [INFO]: Meta Val 80: 0.9245904684066772
[__main__]: [INFO]: Meta Val 81: 0.9505876302719116
[__main__]: [INFO]: Meta Val 82: 0.9591346383094788
[__main__]: [INFO]: Meta Val 83: 0.9490740895271301
[__main__]: [INFO]: Meta Val 84: 0.96875
[__main__]: [INFO]: Meta Val 85: 0.9707087278366089
[__main__]: [INFO]: Meta Val 86: 0.9683048725128174
[__main__]: [INFO]: Meta Val 87: 0.9510327577590942
[__main__]: [INFO]: Meta Val 88: 0.9659010171890259
[__main__]: [INFO]: Meta Val 89: 0.9418625235557556
[__main__]: [INFO]: => Creating model 'resnet12'
[__main__]: [INFO]: Number of model parameters: 12428807
[src.eval]: [INFO]: => Runnning full evaluation with method: ALPHA-TIM
[src.eval]: [INFO]:  ==> Beginning feature extraction to compute training mean
[src.eval]: [INFO]:  ==> Saving features to ./checkpoints/mstar/softmax/resnet12/best/test/output_mean.plk
[src.methods.tim]: [INFO]:  ==> Executing ALPHA-TIM adaptation over 1000 iterations on 1 shot tasks ...
[src.methods.tim]: [INFO]:  ==> Executing ALPHA-TIM adaptation over 1000 iterations on 1 shot tasks ...
[src.methods.tim]: [INFO]:  ==> Executing ALPHA-TIM adaptation over 1000 iterations on 1 shot tasks ...
[src.methods.tim]: [INFO]:  ==> Executing ALPHA-TIM adaptation over 1000 iterations on 1 shot tasks ...
[src.methods.tim]: [INFO]:  ==> Executing ALPHA-TIM adaptation over 1000 iterations on 1 shot tasks ...
[src.methods.tim]: [INFO]:  ==> Executing ALPHA-TIM adaptation over 1000 iterations on 1 shot tasks ...
[src.methods.tim]: [INFO]:  ==> Executing ALPHA-TIM adaptation over 1000 iterations on 1 shot tasks ...
[src.methods.tim]: [INFO]:  ==> Executing ALPHA-TIM adaptation over 1000 iterations on 1 shot tasks ...
[src.methods.tim]: [INFO]:  ==> Executing ALPHA-TIM adaptation over 1000 iterations on 1 shot tasks ...
[src.methods.tim]: [INFO]:  ==> Executing ALPHA-TIM adaptation over 1000 iterations on 1 shot tasks ...
[src.methods.tim]: [INFO]:  ==> Executing ALPHA-TIM adaptation over 1000 iterations on 1 shot tasks ...
[src.methods.tim]: [INFO]:  ==> Executing ALPHA-TIM adaptation over 1000 iterations on 1 shot tasks ...
[src.methods.tim]: [INFO]:  ==> Executing ALPHA-TIM adaptation over 1000 iterations on 1 shot tasks ...
[src.methods.tim]: [INFO]:  ==> Executing ALPHA-TIM adaptation over 1000 iterations on 1 shot tasks ...
[src.methods.tim]: [INFO]:  ==> Executing ALPHA-TIM adaptation over 1000 iterations on 1 shot tasks ...
[src.methods.tim]: [INFO]:  ==> Executing ALPHA-TIM adaptation over 1000 iterations on 1 shot tasks ...
[src.methods.tim]: [INFO]:  ==> Executing ALPHA-TIM adaptation over 1000 iterations on 1 shot tasks ...
[src.methods.tim]: [INFO]:  ==> Executing ALPHA-TIM adaptation over 1000 iterations on 1 shot tasks ...
[src.methods.tim]: [INFO]:  ==> Executing ALPHA-TIM adaptation over 1000 iterations on 1 shot tasks ...
[src.methods.tim]: [INFO]:  ==> Executing ALPHA-TIM adaptation over 1000 iterations on 1 shot tasks ...
[src.methods.tim]: [INFO]:  ==> Executing ALPHA-TIM adaptation over 1000 iterations on 1 shot tasks ...
[src.methods.tim]: [INFO]:  ==> Executing ALPHA-TIM adaptation over 1000 iterations on 1 shot tasks ...
[src.methods.tim]: [INFO]:  ==> Executing ALPHA-TIM adaptation over 1000 iterations on 1 shot tasks ...
[src.methods.tim]: [INFO]:  ==> Executing ALPHA-TIM adaptation over 1000 iterations on 1 shot tasks ...
[src.methods.tim]: [INFO]:  ==> Executing ALPHA-TIM adaptation over 1000 iterations on 1 shot tasks ...
[src.methods.tim]: [INFO]:  ==> Executing ALPHA-TIM adaptation over 1000 iterations on 1 shot tasks ...
[src.methods.tim]: [INFO]:  ==> Executing ALPHA-TIM adaptation over 1000 iterations on 1 shot tasks ...
[src.methods.tim]: [INFO]:  ==> Executing ALPHA-TIM adaptation over 1000 iterations on 1 shot tasks ...
[src.methods.tim]: [INFO]:  ==> Executing ALPHA-TIM adaptation over 1000 iterations on 1 shot tasks ...
[src.methods.tim]: [INFO]:  ==> Executing ALPHA-TIM adaptation over 1000 iterations on 1 shot tasks ...
[src.methods.tim]: [INFO]:  ==> Executing ALPHA-TIM adaptation over 1000 iterations on 1 shot tasks ...
[src.methods.tim]: [INFO]:  ==> Executing ALPHA-TIM adaptation over 1000 iterations on 5 shot tasks ...
[src.methods.tim]: [INFO]:  ==> Executing ALPHA-TIM adaptation over 1000 iterations on 5 shot tasks ...
[src.methods.tim]: [INFO]:  ==> Executing ALPHA-TIM adaptation over 1000 iterations on 5 shot tasks ...
[src.methods.tim]: [INFO]:  ==> Executing ALPHA-TIM adaptation over 1000 iterations on 5 shot tasks ...
[src.methods.tim]: [INFO]:  ==> Executing ALPHA-TIM adaptation over 1000 iterations on 5 shot tasks ...
[src.methods.tim]: [INFO]:  ==> Executing ALPHA-TIM adaptation over 1000 iterations on 5 shot tasks ...
[src.methods.tim]: [INFO]:  ==> Executing ALPHA-TIM adaptation over 1000 iterations on 5 shot tasks ...
[src.methods.tim]: [INFO]:  ==> Executing ALPHA-TIM adaptation over 1000 iterations on 5 shot tasks ...
[src.methods.tim]: [INFO]:  ==> Executing ALPHA-TIM adaptation over 1000 iterations on 5 shot tasks ...
[src.methods.tim]: [INFO]:  ==> Executing ALPHA-TIM adaptation over 1000 iterations on 5 shot tasks ...
[src.methods.tim]: [INFO]:  ==> Executing ALPHA-TIM adaptation over 1000 iterations on 5 shot tasks ...
[src.methods.tim]: [INFO]:  ==> Executing ALPHA-TIM adaptation over 1000 iterations on 5 shot tasks ...
[src.methods.tim]: [INFO]:  ==> Executing ALPHA-TIM adaptation over 1000 iterations on 5 shot tasks ...
[src.methods.tim]: [INFO]:  ==> Executing ALPHA-TIM adaptation over 1000 iterations on 5 shot tasks ...
[src.methods.tim]: [INFO]:  ==> Executing ALPHA-TIM adaptation over 1000 iterations on 5 shot tasks ...
[src.methods.tim]: [INFO]:  ==> Executing ALPHA-TIM adaptation over 1000 iterations on 5 shot tasks ...
[src.methods.tim]: [INFO]:  ==> Executing ALPHA-TIM adaptation over 1000 iterations on 5 shot tasks ...
[src.methods.tim]: [INFO]:  ==> Executing ALPHA-TIM adaptation over 1000 iterations on 5 shot tasks ...
[src.methods.tim]: [INFO]:  ==> Executing ALPHA-TIM adaptation over 1000 iterations on 5 shot tasks ...
[src.methods.tim]: [INFO]:  ==> Executing ALPHA-TIM adaptation over 1000 iterations on 5 shot tasks ...
[src.methods.tim]: [INFO]:  ==> Executing ALPHA-TIM adaptation over 1000 iterations on 5 shot tasks ...
[src.methods.tim]: [INFO]:  ==> Executing ALPHA-TIM adaptation over 1000 iterations on 5 shot tasks ...
[src.methods.tim]: [INFO]:  ==> Executing ALPHA-TIM adaptation over 1000 iterations on 5 shot tasks ...
[src.methods.tim]: [INFO]:  ==> Executing ALPHA-TIM adaptation over 1000 iterations on 5 shot tasks ...
[src.methods.tim]: [INFO]:  ==> Executing ALPHA-TIM adaptation over 1000 iterations on 5 shot tasks ...
[src.methods.tim]: [INFO]:  ==> Executing ALPHA-TIM adaptation over 1000 iterations on 5 shot tasks ...
[src.methods.tim]: [INFO]:  ==> Executing ALPHA-TIM adaptation over 1000 iterations on 5 shot tasks ...
[src.methods.tim]: [INFO]:  ==> Executing ALPHA-TIM adaptation over 1000 iterations on 5 shot tasks ...
[src.methods.tim]: [INFO]:  ==> Executing ALPHA-TIM adaptation over 1000 iterations on 5 shot tasks ...
[src.methods.tim]: [INFO]:  ==> Executing ALPHA-TIM adaptation over 1000 iterations on 5 shot tasks ...
[src.methods.tim]: [INFO]:  ==> Executing ALPHA-TIM adaptation over 1000 iterations on 5 shot tasks ...
[src.eval]: [INFO]: ----- Final test results -----
[src.eval]: [INFO]: 1-shot mean test accuracy over 1000 tasks: 0.37058690190315247
[src.eval]: [INFO]: 5-shot mean test accuracy over 1000 tasks: 0.4690188467502594
