[__main__]: [INFO]: => Creating model 'resnet18'
[__main__]: [INFO]: Number of model parameters: 11201664
[__main__]: [INFO]: Meta Val 0: 0.3158933397233486
[__main__]: [INFO]: Meta Val 1: 0.32938667449355125
[__main__]: [INFO]: Meta Val 2: 0.3466933407187462
[__main__]: [INFO]: Meta Val 3: 0.3814666753411293
[__main__]: [INFO]: Meta Val 4: 0.3923200095891953
[__main__]: [INFO]: Meta Val 5: 0.4291200101673603
[__main__]: [INFO]: Meta Val 6: 0.43546667724847793
[__main__]: [INFO]: Meta Val 7: 0.4582666776478291
[__main__]: [INFO]: Meta Val 8: 0.47754667755961416
[__main__]: [INFO]: Meta Val 9: 0.4807466778159142
[__main__]: [INFO]: Meta Val 10: 0.47528001019358634
[__main__]: [INFO]: Meta Val 11: 0.4810933451354504
[__main__]: [INFO]: Meta Val 12: 0.5105600121021271
[__main__]: [INFO]: Meta Val 13: 0.49173334366083143
[__main__]: [INFO]: Meta Val 14: 0.49306667760014533
[__main__]: [INFO]: Meta Val 15: 0.5127466777563096
[__main__]: [INFO]: Meta Val 16: 0.5266400112509727
[__main__]: [INFO]: Meta Val 17: 0.5313066798746586
[__main__]: [INFO]: Meta Val 18: 0.5125066789984704
[__main__]: [INFO]: Meta Val 19: 0.5064266780912876
[__main__]: [INFO]: Meta Val 20: 0.5298933447599411
[__main__]: [INFO]: Meta Val 21: 0.5334666799008846
[__main__]: [INFO]: Meta Val 22: 0.5265600121021271
[__main__]: [INFO]: Meta Val 23: 0.55282667902112
[__main__]: [INFO]: Meta Val 24: 0.5634400131702423
[__main__]: [INFO]: Meta Val 25: 0.5633333466053009
[__main__]: [INFO]: Meta Val 26: 0.5662933461666108
[__main__]: [INFO]: Meta Val 27: 0.5617066798210144
[__main__]: [INFO]: Meta Val 28: 0.5645600131452083
[__main__]: [INFO]: Meta Val 29: 0.562080012857914
[__main__]: [INFO]: Meta Val 30: 0.565813345849514
[__main__]: [INFO]: Meta Val 31: 0.5657600138187409
[__main__]: [INFO]: Meta Val 32: 0.5602133461833
[__main__]: [INFO]: Meta Val 33: 0.5652800123691559
[__main__]: [INFO]: Meta Val 34: 0.5683466797471046
[__main__]: [INFO]: Meta Val 35: 0.558000012665987
[__main__]: [INFO]: Meta Val 36: 0.5637333455681801
[__main__]: [INFO]: Meta Val 37: 0.5648000131249428
[__main__]: [INFO]: Meta Val 38: 0.5729066785275936
[__main__]: [INFO]: Meta Val 39: 0.565466679096222
[__main__]: [INFO]: Meta Val 40: 0.5713066790699959
[__main__]: [INFO]: Meta Val 41: 0.5654933467507363
[__main__]: [INFO]: Meta Val 42: 0.5602133466601372
[__main__]: [INFO]: Meta Val 43: 0.5677333460450172
[__main__]: [INFO]: Meta Val 44: 0.5705600128173828
[__main__]: [INFO]: Meta Val 45: 0.5632000128030777
[__main__]: [INFO]: Meta Val 46: 0.5712800124287605
[__main__]: [INFO]: Meta Val 47: 0.5563466793298721
[__main__]: [INFO]: Meta Val 48: 0.5586666790246964
[__main__]: [INFO]: Meta Val 49: 0.5647466792762279
[__main__]: [INFO]: Meta Val 50: 0.5659466794133187
[__main__]: [INFO]: Meta Val 51: 0.5641600133776665
[__main__]: [INFO]: Meta Val 52: 0.5696800138354301
[__main__]: [INFO]: Meta Val 53: 0.5741866789460183
[__main__]: [INFO]: Meta Val 54: 0.5694666793346405
[__main__]: [INFO]: Meta Val 55: 0.5682933464944363
[__main__]: [INFO]: Meta Val 56: 0.567866680175066
[__main__]: [INFO]: Meta Val 57: 0.5567466796636581
[__main__]: [INFO]: Meta Val 58: 0.5677866790890693
[__main__]: [INFO]: Meta Val 59: 0.5715733463168144
[__main__]: [INFO]: Meta Val 60: 0.569386678993702
[__main__]: [INFO]: Meta Val 61: 0.5730666792988777
[__main__]: [INFO]: Meta Val 62: 0.5699466793239116
[__main__]: [INFO]: Meta Val 63: 0.5653866797089576
[__main__]: [INFO]: Meta Val 64: 0.5654400119483471
[__main__]: [INFO]: Meta Val 65: 0.5646933451890945
[__main__]: [INFO]: Meta Val 66: 0.5703733456432819
[__main__]: [INFO]: Meta Val 67: 0.5677866777181625
[__main__]: [INFO]: Meta Val 68: 0.5590133450329303
[__main__]: [INFO]: Meta Val 69: 0.561306678801775
[__main__]: [INFO]: Meta Val 70: 0.5650666796565056
[__main__]: [INFO]: Meta Val 71: 0.5684800122082233
[__main__]: [INFO]: Meta Val 72: 0.5602666791081429
[__main__]: [INFO]: Meta Val 73: 0.5628266799747944
[__main__]: [INFO]: Meta Val 74: 0.5675200120806694
[__main__]: [INFO]: Meta Val 75: 0.570880013525486
[__main__]: [INFO]: Meta Val 76: 0.5634400129914284
[__main__]: [INFO]: Meta Val 77: 0.5707733463048935
[__main__]: [INFO]: Meta Val 78: 0.5682400138378143
[__main__]: [INFO]: Meta Val 79: 0.5564000127613544
[__main__]: [INFO]: Meta Val 80: 0.5711466791331768
[__main__]: [INFO]: Meta Val 81: 0.5677866787910462
[__main__]: [INFO]: Meta Val 82: 0.5726666797995568
[__main__]: [INFO]: Meta Val 83: 0.5626666777729988
[__main__]: [INFO]: Meta Val 84: 0.5666400121450424
[__main__]: [INFO]: Meta Val 85: 0.5670933448672295
[__main__]: [INFO]: Meta Val 86: 0.5577600123286247
[__main__]: [INFO]: Meta Val 87: 0.5762400122880935
[__main__]: [INFO]: Meta Val 88: 0.5611200123727321
[__main__]: [INFO]: Meta Val 89: 0.5610400134921074
[__main__]: [INFO]: => Creating model 'resnet18'
[__main__]: [INFO]: Number of model parameters: 11201664
[src.eval]: [INFO]: => Runnning full evaluation with method: ALPHA-TIM
[src.eval]: [INFO]:  ==> Beginning feature extraction to compute training mean
[src.eval]: [INFO]:  ==> Saving features to checkpoints/mini/softmax/resnet18/best/test/output_mean.plk
