[__main__]: [INFO]: => Creating model 'resnet12'
[__main__]: [INFO]: Number of model parameters: 12428807
[src.eval]: [INFO]: => Runnning full evaluation with method: TIM-GD
[src.methods.tim]: [INFO]:  ==> Executing TIM adaptation over 1000 iterations on 1 shot tasks ...
[src.methods.tim]: [INFO]:  ==> Executing TIM adaptation over 1000 iterations on 1 shot tasks ...
[src.methods.tim]: [INFO]:  ==> Executing TIM adaptation over 1000 iterations on 1 shot tasks ...
[src.methods.tim]: [INFO]:  ==> Executing TIM adaptation over 1000 iterations on 1 shot tasks ...
[src.methods.tim]: [INFO]:  ==> Executing TIM adaptation over 1000 iterations on 1 shot tasks ...
[src.methods.tim]: [INFO]:  ==> Executing TIM adaptation over 1000 iterations on 1 shot tasks ...
[src.methods.tim]: [INFO]:  ==> Executing TIM adaptation over 1000 iterations on 1 shot tasks ...
[src.methods.tim]: [INFO]:  ==> Executing TIM adaptation over 1000 iterations on 1 shot tasks ...
[src.methods.tim]: [INFO]:  ==> Executing TIM adaptation over 1000 iterations on 1 shot tasks ...
[src.methods.tim]: [INFO]:  ==> Executing TIM adaptation over 1000 iterations on 1 shot tasks ...
[src.methods.tim]: [INFO]:  ==> Executing TIM adaptation over 1000 iterations on 1 shot tasks ...
[src.methods.tim]: [INFO]:  ==> Executing TIM adaptation over 1000 iterations on 1 shot tasks ...
[src.methods.tim]: [INFO]:  ==> Executing TIM adaptation over 1000 iterations on 1 shot tasks ...
[src.methods.tim]: [INFO]:  ==> Executing TIM adaptation over 1000 iterations on 1 shot tasks ...
[src.methods.tim]: [INFO]:  ==> Executing TIM adaptation over 1000 iterations on 1 shot tasks ...
[src.methods.tim]: [INFO]:  ==> Executing TIM adaptation over 1000 iterations on 1 shot tasks ...
[src.methods.tim]: [INFO]:  ==> Executing TIM adaptation over 1000 iterations on 1 shot tasks ...
[src.methods.tim]: [INFO]:  ==> Executing TIM adaptation over 1000 iterations on 1 shot tasks ...
[src.methods.tim]: [INFO]:  ==> Executing TIM adaptation over 1000 iterations on 1 shot tasks ...
[src.methods.tim]: [INFO]:  ==> Executing TIM adaptation over 1000 iterations on 1 shot tasks ...
[src.methods.tim]: [INFO]:  ==> Executing TIM adaptation over 1000 iterations on 1 shot tasks ...
[src.methods.tim]: [INFO]:  ==> Executing TIM adaptation over 1000 iterations on 1 shot tasks ...
[src.methods.tim]: [INFO]:  ==> Executing TIM adaptation over 1000 iterations on 1 shot tasks ...
[src.methods.tim]: [INFO]:  ==> Executing TIM adaptation over 1000 iterations on 1 shot tasks ...
[src.methods.tim]: [INFO]:  ==> Executing TIM adaptation over 1000 iterations on 1 shot tasks ...
[src.methods.tim]: [INFO]:  ==> Executing TIM adaptation over 1000 iterations on 1 shot tasks ...
[src.methods.tim]: [INFO]:  ==> Executing TIM adaptation over 1000 iterations on 1 shot tasks ...
[src.methods.tim]: [INFO]:  ==> Executing TIM adaptation over 1000 iterations on 1 shot tasks ...
[src.methods.tim]: [INFO]:  ==> Executing TIM adaptation over 1000 iterations on 1 shot tasks ...
[src.methods.tim]: [INFO]:  ==> Executing TIM adaptation over 1000 iterations on 1 shot tasks ...
[src.methods.tim]: [INFO]:  ==> Executing TIM adaptation over 1000 iterations on 1 shot tasks ...
[src.methods.tim]: [INFO]:  ==> Executing TIM adaptation over 1000 iterations on 5 shot tasks ...
[src.methods.tim]: [INFO]:  ==> Executing TIM adaptation over 1000 iterations on 5 shot tasks ...
[src.methods.tim]: [INFO]:  ==> Executing TIM adaptation over 1000 iterations on 5 shot tasks ...
[src.methods.tim]: [INFO]:  ==> Executing TIM adaptation over 1000 iterations on 5 shot tasks ...
[src.methods.tim]: [INFO]:  ==> Executing TIM adaptation over 1000 iterations on 5 shot tasks ...
[src.methods.tim]: [INFO]:  ==> Executing TIM adaptation over 1000 iterations on 5 shot tasks ...
[src.methods.tim]: [INFO]:  ==> Executing TIM adaptation over 1000 iterations on 5 shot tasks ...
[src.methods.tim]: [INFO]:  ==> Executing TIM adaptation over 1000 iterations on 5 shot tasks ...
[src.methods.tim]: [INFO]:  ==> Executing TIM adaptation over 1000 iterations on 5 shot tasks ...
[src.methods.tim]: [INFO]:  ==> Executing TIM adaptation over 1000 iterations on 5 shot tasks ...
[src.methods.tim]: [INFO]:  ==> Executing TIM adaptation over 1000 iterations on 5 shot tasks ...
[src.methods.tim]: [INFO]:  ==> Executing TIM adaptation over 1000 iterations on 5 shot tasks ...
[src.methods.tim]: [INFO]:  ==> Executing TIM adaptation over 1000 iterations on 5 shot tasks ...
[src.methods.tim]: [INFO]:  ==> Executing TIM adaptation over 1000 iterations on 5 shot tasks ...
[src.methods.tim]: [INFO]:  ==> Executing TIM adaptation over 1000 iterations on 5 shot tasks ...
[src.methods.tim]: [INFO]:  ==> Executing TIM adaptation over 1000 iterations on 5 shot tasks ...
[src.methods.tim]: [INFO]:  ==> Executing TIM adaptation over 1000 iterations on 5 shot tasks ...
[src.methods.tim]: [INFO]:  ==> Executing TIM adaptation over 1000 iterations on 5 shot tasks ...
[src.methods.tim]: [INFO]:  ==> Executing TIM adaptation over 1000 iterations on 5 shot tasks ...
[src.methods.tim]: [INFO]:  ==> Executing TIM adaptation over 1000 iterations on 5 shot tasks ...
[src.methods.tim]: [INFO]:  ==> Executing TIM adaptation over 1000 iterations on 5 shot tasks ...
[src.methods.tim]: [INFO]:  ==> Executing TIM adaptation over 1000 iterations on 5 shot tasks ...
[src.methods.tim]: [INFO]:  ==> Executing TIM adaptation over 1000 iterations on 5 shot tasks ...
[src.methods.tim]: [INFO]:  ==> Executing TIM adaptation over 1000 iterations on 5 shot tasks ...
[src.methods.tim]: [INFO]:  ==> Executing TIM adaptation over 1000 iterations on 5 shot tasks ...
[src.methods.tim]: [INFO]:  ==> Executing TIM adaptation over 1000 iterations on 5 shot tasks ...
[src.methods.tim]: [INFO]:  ==> Executing TIM adaptation over 1000 iterations on 5 shot tasks ...
[src.methods.tim]: [INFO]:  ==> Executing TIM adaptation over 1000 iterations on 5 shot tasks ...
[src.methods.tim]: [INFO]:  ==> Executing TIM adaptation over 1000 iterations on 5 shot tasks ...
[src.methods.tim]: [INFO]:  ==> Executing TIM adaptation over 1000 iterations on 5 shot tasks ...
[src.methods.tim]: [INFO]:  ==> Executing TIM adaptation over 1000 iterations on 5 shot tasks ...
[src.eval]: [INFO]: ----- Final test results -----
[src.eval]: [INFO]: 1-shot mean test accuracy over 1000 tasks: 0.37941306829452515
[src.eval]: [INFO]: 5-shot mean test accuracy over 1000 tasks: 0.4789874255657196
